<?xml version="1.0" encoding="UTF-8"?>
<!-- Generated by org.testng.reporters.JUnitReportReporter -->
<testsuite skipped="0" hostname="chaika" name="tests.TrelloSystemTest" tests="1" failures="0" timestamp="19 Jul 2019 16:37:40 GMT" time="2.268" errors="0">
  <testcase name="createNewBoard" time="2.268" classname="tests.TrelloSystemTest"/>
</testsuite> <!-- tests.TrelloSystemTest -->
